2025-06-09 18:44:18 [INFO]: Prisma info: Starting a mysql pool with 13 connections.
2025-06-09 18:44:44 [INFO]: Na tabela foi criado por 2967b6b1-5ac0-4297-b2df-46f0816e5324, com os dados: {"id_paciente":4,"id_funcionario":"9ac88da0-486b-46d8-a83a-79cbaf74ade6","dt_agendamento":"2025-06-09T21:44:31.424Z","dt_hora_agendamento":18,"tipo_agendamento":"Consulta","status_agendamento":"Agendado","observacoes":""}
2025-06-09 18:44:51 [INFO]: Na tabela o id 15 foi atualizado por 2967b6b1-5ac0-4297-b2df-46f0816e5324, com os dados: {"dt_agendamento":"2025-06-09T00:00:00.000Z","dt_hora_agendamento":18,"tipo_agendamento":"Consulta","status_agendamento":"Confirmado","dt_chegada":"2025-06-09T21:44:51.788Z","observacoes":""}
2025-06-09 18:44:51 [INFO]: Na tabela foi criado por 2967b6b1-5ac0-4297-b2df-46f0816e5324, com os dados: {"id_agendamento":15,"procedimento":"PROCEDIMENTO_A","dt_entrada":"2025-06-09T21:44:51.788Z","status":"AGUARDANDO","observacoes":"Consulta criada automaticamente pelo check-in"}
2025-06-09 18:45:01 [INFO]: Na tabela o id 8 foi atualizado por 2967b6b1-5ac0-4297-b2df-46f0816e5324, com os dados: {"status":"CHAMADO"}
2025-06-09 18:45:03 [INFO]: Na tabela o id 15 foi atualizado por 2967b6b1-5ac0-4297-b2df-46f0816e5324, com os dados: {"dt_agendamento":"2025-06-09T00:00:00.000Z","dt_hora_agendamento":18,"tipo_agendamento":"Consulta","status_agendamento":"Cancelado","observacoes":"","dt_chegada":"2025-06-09T21:44:51.788Z"}
2025-06-09 18:46:25 [INFO]: Na tabela o id 15 foi atualizado por 2967b6b1-5ac0-4297-b2df-46f0816e5324, com os dados: {"dt_agendamento":"2025-06-09T00:00:00.000Z","dt_hora_agendamento":18,"tipo_agendamento":"Consulta","status_agendamento":"Cancelado","observacoes":"","dt_chegada":"2025-06-09T21:44:51.788Z"}
2025-06-09 18:47:48 [ERROR]: Error: Expected double-quoted property name in JSON at position 39 (line 3 column 1)
2025-06-09 18:48:02 [ERROR]: Database error: 
Invalid `this.model.update()` invocation in
C:\Users\zearq\OneDrive\Documentos\projetos\Porto Digital\hemoseSystem\back\src\repositories\implementations\GenericRepository.ts:129:39

  126 try {
  127   const entity = await this.findById(id);
  128   if (!entity) {return null;}
→ 129   const result = await this.model.update({
          where: {
            id: 15
          },
          data: {
            status_agendamento: "CANCELADO"
                                ~~~~~~~~~~~
          }
        })

Invalid value for argument `status_agendamento`. Expected StatusAgendamentoEnum.
2025-06-09 18:48:11 [ERROR]: Error: Erro de validação nos dados fornecidos. Verifique se todos os campos obrigatórios foram preenchidos corretamente.
2025-06-09 18:48:33 [INFO]: Na tabela o id 15 foi atualizado por 2967b6b1-5ac0-4297-b2df-46f0816e5324, com os dados: {"status_agendamento":"Cancelado"}
2025-06-09 19:13:50 [INFO]: Prisma info: Starting a mysql pool with 13 connections.
2025-06-09 19:15:37 [INFO]: Na tabela foi criado por 2967b6b1-5ac0-4297-b2df-46f0816e5324, com os dados: {"id_paciente":3,"id_funcionario":"9ac88da0-486b-46d8-a83a-79cbaf74ade6","dt_agendamento":"2025-06-09T22:15:32.007Z","dt_hora_agendamento":8,"tipo_agendamento":"Consulta","status_agendamento":"Agendado","observacoes":""}
2025-06-09 19:15:43 [INFO]: Na tabela o id 16 foi atualizado por 2967b6b1-5ac0-4297-b2df-46f0816e5324, com os dados: {"dt_agendamento":"2025-06-09T00:00:00.000Z","dt_hora_agendamento":8,"tipo_agendamento":"Consulta","status_agendamento":"Confirmado","dt_chegada":"2025-06-09T22:15:39.996Z","observacoes":""}
2025-06-09 19:15:43 [INFO]: Na tabela foi criado por 2967b6b1-5ac0-4297-b2df-46f0816e5324, com os dados: {"id_agendamento":16,"procedimento":"PROCEDIMENTO_A","dt_entrada":"2025-06-09T22:15:39.996Z","status":"AGUARDANDO","observacoes":"Consulta criada automaticamente pelo check-in"}
2025-06-09 19:16:16 [INFO]: Na tabela o id 9 foi atualizado por 2967b6b1-5ac0-4297-b2df-46f0816e5324, com os dados: {"status":"CHAMADO"}
2025-06-09 19:16:18 [INFO]: Na tabela o id 16 foi atualizado por 2967b6b1-5ac0-4297-b2df-46f0816e5324, com os dados: {"dt_agendamento":"2025-06-09T00:00:00.000Z","dt_hora_agendamento":8,"tipo_agendamento":"Consulta","status_agendamento":"Cancelado","observacoes":"","dt_chegada":"2025-06-09T22:15:39.996Z"}
2025-06-09 19:16:18 [INFO]: Na tabela o id 9 foi atualizado por 2967b6b1-5ac0-4297-b2df-46f0816e5324, com os dados: {"status":"CANCELADO"}
